<?xml version="1.0" encoding="UTF-8"?>
<testng-results skipped="0" failed="0" ignored="0" total="1" passed="1">
  <reporter-output>
  </reporter-output>
  <suite name="Make My tripTest Automation Test Suite" duration-ms="41644" started-at="2021-03-01T15:21:37Z" finished-at="2021-03-01T15:22:18Z">
    <groups>
    </groups>
    <test name="First Test" duration-ms="41644" started-at="2021-03-01T15:21:37Z" finished-at="2021-03-01T15:22:18Z">
      <class name="mmt.planner.testcases.ItianaryTest2">
        <test-method status="PASS" signature="setup()[pri:0, instance:mmt.planner.testcases.ItianaryTest2@436e852b]" name="setup" is-config="true" duration-ms="16503" started-at="2021-03-01T20:51:37Z" finished-at="2021-03-01T20:51:53Z">
          <reporter-output>
          </reporter-output>
        </test-method> <!-- setup -->
        <test-method status="PASS" signature="searchWithCities()[pri:0, instance:mmt.planner.testcases.ItianaryTest2@436e852b]" name="searchWithCities" duration-ms="22193" started-at="2021-03-01T20:51:53Z" finished-at="2021-03-01T20:52:15Z">
          <reporter-output>
          </reporter-output>
        </test-method> <!-- searchWithCities -->
        <test-method status="PASS" signature="teardown(org.testng.ITestResult)[pri:0, instance:mmt.planner.testcases.ItianaryTest2@436e852b]" name="teardown" is-config="true" duration-ms="2916" started-at="2021-03-01T20:52:15Z" finished-at="2021-03-01T20:52:18Z">
          <params>
            <param index="0">
              <value>
                <![CDATA[[TestResult name=searchWithCities status=SUCCESS method=ItianaryTest2.searchWithCities()[pri:0, instance:mmt.planner.testcases.ItianaryTest2@436e852b] output={null}]]]>
              </value>
            </param>
          </params>
          <reporter-output>
          </reporter-output>
        </test-method> <!-- teardown -->
      </class> <!-- mmt.planner.testcases.ItianaryTest2 -->
    </test> <!-- First Test -->
  </suite> <!-- Make My tripTest Automation Test Suite -->
</testng-results>
