<?xml version="1.0" encoding="UTF-8"?>
<testng-results skipped="0" failed="0" ignored="0" total="1" passed="1">
  <reporter-output>
  </reporter-output>
  <suite name="Default suite" duration-ms="35065" started-at="2021-03-01T14:51:24Z" finished-at="2021-03-01T14:51:59Z">
    <groups>
    </groups>
    <test name="Default test" duration-ms="35065" started-at="2021-03-01T14:51:24Z" finished-at="2021-03-01T14:51:59Z">
      <class name="mmt.planner.testcases.ItinaryPageTest">
        <test-method status="PASS" signature="setup()[pri:0, instance:mmt.planner.testcases.ItinaryPageTest@319b92f3]" name="setup" is-config="true" duration-ms="15011" started-at="2021-03-01T20:21:24Z" finished-at="2021-03-01T20:21:39Z">
          <reporter-output>
          </reporter-output>
        </test-method> <!-- setup -->
        <test-method status="PASS" signature="searchWithCities()[pri:0, instance:mmt.planner.testcases.ItinaryPageTest@319b92f3]" name="searchWithCities" duration-ms="20002" started-at="2021-03-01T20:21:39Z" finished-at="2021-03-01T20:21:59Z">
          <reporter-output>
          </reporter-output>
        </test-method> <!-- searchWithCities -->
        <test-method status="FAIL" signature="teardown(org.testng.ITestResult)[pri:0, instance:mmt.planner.testcases.ItinaryPageTest@319b92f3]" name="teardown" is-config="true" duration-ms="2" started-at="2021-03-01T20:21:59Z" finished-at="2021-03-01T20:21:59Z">
          <params>
            <param index="0">
              <value>
                <![CDATA[[TestResult name=searchWithCities status=SUCCESS method=ItinaryPageTest.searchWithCities()[pri:0, instance:mmt.planner.testcases.ItinaryPageTest@319b92f3] output={null}]]]>
              </value>
            </param>
          </params>
          <exception class="java.lang.NullPointerException">
            <full-stacktrace>
              <![CDATA[java.lang.NullPointerException
	at mmt.planner.testcases.TestBase.teardown(TestBase.java:38)
	at sun.reflect.NativeMethodAccessorImpl.invoke0(Native Method)
	at sun.reflect.NativeMethodAccessorImpl.invoke(NativeMethodAccessorImpl.java:62)
	at sun.reflect.DelegatingMethodAccessorImpl.invoke(DelegatingMethodAccessorImpl.java:43)
	at java.lang.reflect.Method.invoke(Method.java:498)
	at org.testng.internal.MethodInvocationHelper.invokeMethod(MethodInvocationHelper.java:108)
	at org.testng.internal.Invoker.invokeConfigurationMethod(Invoker.java:523)
	at org.testng.internal.Invoker.invokeConfigurations(Invoker.java:224)
	at org.testng.internal.Invoker.invokeMethod(Invoker.java:723)
	at org.testng.internal.Invoker.invokeTestMethod(Invoker.java:869)
	at org.testng.internal.Invoker.invokeTestMethods(Invoker.java:1193)
	at org.testng.internal.TestMethodWorker.invokeTestMethods(TestMethodWorker.java:126)
	at org.testng.internal.TestMethodWorker.run(TestMethodWorker.java:109)
	at org.testng.TestRunner.privateRun(TestRunner.java:744)
	at org.testng.TestRunner.run(TestRunner.java:602)
	at org.testng.SuiteRunner.runTest(SuiteRunner.java:380)
	at org.testng.SuiteRunner.runSequentially(SuiteRunner.java:375)
	at org.testng.SuiteRunner.privateRun(SuiteRunner.java:340)
	at org.testng.SuiteRunner.run(SuiteRunner.java:289)
	at org.testng.SuiteRunnerWorker.runSuite(SuiteRunnerWorker.java:52)
	at org.testng.SuiteRunnerWorker.run(SuiteRunnerWorker.java:86)
	at org.testng.TestNG.runSuitesSequentially(TestNG.java:1301)
	at org.testng.TestNG.runSuitesLocally(TestNG.java:1226)
	at org.testng.TestNG.runSuites(TestNG.java:1144)
	at org.testng.TestNG.run(TestNG.java:1115)
	at org.testng.remote.AbstractRemoteTestNG.run(AbstractRemoteTestNG.java:114)
	at org.testng.remote.RemoteTestNG.initAndRun(RemoteTestNG.java:251)
	at org.testng.remote.RemoteTestNG.main(RemoteTestNG.java:77)
]]>
            </full-stacktrace>
          </exception> <!-- java.lang.NullPointerException -->
          <reporter-output>
          </reporter-output>
        </test-method> <!-- teardown -->
      </class> <!-- mmt.planner.testcases.ItinaryPageTest -->
    </test> <!-- Default test -->
  </suite> <!-- Default suite -->
</testng-results>
